<?xml version="1.0" encoding="UTF-8"?>
<testng-results ignored="0" total="1" passed="1" failed="0" skipped="0">
  <reporter-output>
    <line>
      <![CDATA[reading devurl from property file..]]>
    </line>
    <line>
      <![CDATA[launching browser..]]>
    </line>
    <line>
      <![CDATA[reading mobNum from property file..]]>
    </line>
    <line>
      <![CDATA[reading password from property file..]]>
    </line>
    <line>
      <![CDATA[reading expUserName from property file..]]>
    </line>
    <line>
      <![CDATA[TC validateUserName passed successfully]]>
    </line>
  </reporter-output>
  <suite started-at="2022-12-15T09:59:41 IST" name="Suite" finished-at="2022-12-15T09:59:57 IST" duration-ms="15919">
    <groups>
    </groups>
    <test started-at="2022-12-15T09:59:41 IST" name="Test" finished-at="2022-12-15T09:59:57 IST" duration-ms="15919">
      <class name="neoStoxTestClasses.ValidateNeoStoxUserName">
        <test-method is-config="true" signature="launchNeoStox()[pri:0, instance:neoStoxTestClasses.ValidateNeoStoxUserName@7722c3c3]" started-at="2022-12-15T09:59:41 IST" name="launchNeoStox" finished-at="2022-12-15T09:59:47 IST" duration-ms="6106" status="PASS">
          <reporter-output>
            <line>
              <![CDATA[reading devurl from property file..]]>
            </line>
            <line>
              <![CDATA[launching browser..]]>
            </line>
          </reporter-output>
        </test-method> <!-- launchNeoStox -->
        <test-method is-config="true" signature="signInToNeoStox()[pri:0, instance:neoStoxTestClasses.ValidateNeoStoxUserName@7722c3c3]" started-at="2022-12-15T09:59:47 IST" name="signInToNeoStox" finished-at="2022-12-15T09:59:56 IST" duration-ms="9153" status="PASS">
          <reporter-output>
            <line>
              <![CDATA[reading mobNum from property file..]]>
            </line>
            <line>
              <![CDATA[reading password from property file..]]>
            </line>
          </reporter-output>
        </test-method> <!-- signInToNeoStox -->
        <test-method signature="validateUserName()[pri:0, instance:neoStoxTestClasses.ValidateNeoStoxUserName@7722c3c3]" started-at="2022-12-15T09:59:56 IST" name="validateUserName" finished-at="2022-12-15T09:59:56 IST" duration-ms="79" status="PASS">
          <reporter-output>
            <line>
              <![CDATA[reading expUserName from property file..]]>
            </line>
            <line>
              <![CDATA[TC validateUserName passed successfully]]>
            </line>
          </reporter-output>
        </test-method> <!-- validateUserName -->
        <test-method is-config="true" signature="logOutFromNeostox()[pri:0, instance:neoStoxTestClasses.ValidateNeoStoxUserName@7722c3c3]" started-at="2022-12-15T09:59:56 IST" name="logOutFromNeostox" finished-at="2022-12-15T09:59:56 IST" duration-ms="181" status="PASS">
          <reporter-output>
          </reporter-output>
        </test-method> <!-- logOutFromNeostox -->
        <test-method is-config="true" signature="closeBrowser()[pri:0, instance:neoStoxTestClasses.ValidateNeoStoxUserName@7722c3c3]" started-at="2022-12-15T09:59:56 IST" name="closeBrowser" finished-at="2022-12-15T09:59:57 IST" duration-ms="319" status="PASS">
          <reporter-output>
          </reporter-output>
        </test-method> <!-- closeBrowser -->
      </class> <!-- neoStoxTestClasses.ValidateNeoStoxUserName -->
    </test> <!-- Test -->
  </suite> <!-- Suite -->
</testng-results>
