<?xml version="1.0" encoding="UTF-8"?>
<testng-results ignored="0" total="2" passed="2" failed="0" skipped="0">
  <reporter-output>
    <line>
      <![CDATA[reading devurl from property file..]]>
    </line>
    <line>
      <![CDATA[launching browser..]]>
    </line>
    <line>
      <![CDATA[reading mobNum from property file..]]>
    </line>
    <line>
      <![CDATA[reading password from property file..]]>
    </line>
    <line>
      <![CDATA[reading expUserName from property file..]]>
    </line>
    <line>
      <![CDATA[TC validateUserName passed successfully]]>
    </line>
    <line>
      <![CDATA[reading devurl from property file..]]>
    </line>
    <line>
      <![CDATA[launching browser..]]>
    </line>
    <line>
      <![CDATA[reading mobNum from property file..]]>
    </line>
    <line>
      <![CDATA[reading password from property file..]]>
    </line>
    <line>
      <![CDATA[reading expUserName from property file..]]>
    </line>
    <line>
      <![CDATA[TC validateUserName passed successfully]]>
    </line>
  </reporter-output>
  <suite started-at="2022-12-15T09:51:56 IST" name="Suite" finished-at="2022-12-15T09:52:26 IST" duration-ms="29450">
    <groups>
    </groups>
    <test started-at="2022-12-15T09:51:56 IST" name="Test" finished-at="2022-12-15T09:52:13 IST" duration-ms="16269">
      <class name="neoStoxTestClasses.ValidateNeoStoxUserName">
        <test-method is-config="true" signature="launchNeoStox()[pri:0, instance:neoStoxTestClasses.ValidateNeoStoxUserName@4d154ccd]" started-at="2022-12-15T09:51:56 IST" name="launchNeoStox" finished-at="2022-12-15T09:52:02 IST" duration-ms="6021" status="PASS">
          <reporter-output>
            <line>
              <![CDATA[reading devurl from property file..]]>
            </line>
            <line>
              <![CDATA[launching browser..]]>
            </line>
          </reporter-output>
        </test-method> <!-- launchNeoStox -->
        <test-method is-config="true" signature="signInToNeoStox()[pri:0, instance:neoStoxTestClasses.ValidateNeoStoxUserName@4d154ccd]" started-at="2022-12-15T09:52:02 IST" name="signInToNeoStox" finished-at="2022-12-15T09:52:12 IST" duration-ms="9573" status="PASS">
          <reporter-output>
            <line>
              <![CDATA[reading mobNum from property file..]]>
            </line>
            <line>
              <![CDATA[reading password from property file..]]>
            </line>
          </reporter-output>
        </test-method> <!-- signInToNeoStox -->
        <test-method signature="validateUserName()[pri:0, instance:neoStoxTestClasses.ValidateNeoStoxUserName@4d154ccd]" started-at="2022-12-15T09:52:12 IST" name="validateUserName" finished-at="2022-12-15T09:52:12 IST" duration-ms="60" status="PASS">
          <reporter-output>
            <line>
              <![CDATA[reading expUserName from property file..]]>
            </line>
            <line>
              <![CDATA[TC validateUserName passed successfully]]>
            </line>
          </reporter-output>
        </test-method> <!-- validateUserName -->
        <test-method is-config="true" signature="logOutFromNeostox()[pri:0, instance:neoStoxTestClasses.ValidateNeoStoxUserName@4d154ccd]" started-at="2022-12-15T09:52:12 IST" name="logOutFromNeostox" finished-at="2022-12-15T09:52:12 IST" duration-ms="173" status="PASS">
          <reporter-output>
          </reporter-output>
        </test-method> <!-- logOutFromNeostox -->
        <test-method is-config="true" signature="closeBrowser()[pri:0, instance:neoStoxTestClasses.ValidateNeoStoxUserName@4d154ccd]" started-at="2022-12-15T09:52:12 IST" name="closeBrowser" finished-at="2022-12-15T09:52:13 IST" duration-ms="375" status="PASS">
          <reporter-output>
          </reporter-output>
        </test-method> <!-- closeBrowser -->
      </class> <!-- neoStoxTestClasses.ValidateNeoStoxUserName -->
    </test> <!-- Test -->
    <test started-at="2022-12-15T09:52:13 IST" name="Test1" finished-at="2022-12-15T09:52:26 IST" duration-ms="12884">
      <class name="neoStoxTestClasses.ValidateNeoStoxUserName">
        <test-method is-config="true" signature="launchNeoStox()[pri:0, instance:neoStoxTestClasses.ValidateNeoStoxUserName@5d0bf09b]" started-at="2022-12-15T09:52:13 IST" name="launchNeoStox" finished-at="2022-12-15T09:52:17 IST" duration-ms="4120" status="PASS">
          <reporter-output>
            <line>
              <![CDATA[reading devurl from property file..]]>
            </line>
            <line>
              <![CDATA[launching browser..]]>
            </line>
          </reporter-output>
        </test-method> <!-- launchNeoStox -->
        <test-method is-config="true" signature="signInToNeoStox()[pri:0, instance:neoStoxTestClasses.ValidateNeoStoxUserName@5d0bf09b]" started-at="2022-12-15T09:52:17 IST" name="signInToNeoStox" finished-at="2022-12-15T09:52:25 IST" duration-ms="8228" status="PASS">
          <reporter-output>
            <line>
              <![CDATA[reading mobNum from property file..]]>
            </line>
            <line>
              <![CDATA[reading password from property file..]]>
            </line>
          </reporter-output>
        </test-method> <!-- signInToNeoStox -->
        <test-method signature="validateUserName()[pri:0, instance:neoStoxTestClasses.ValidateNeoStoxUserName@5d0bf09b]" started-at="2022-12-15T09:52:25 IST" name="validateUserName" finished-at="2022-12-15T09:52:25 IST" duration-ms="42" status="PASS">
          <reporter-output>
            <line>
              <![CDATA[reading expUserName from property file..]]>
            </line>
            <line>
              <![CDATA[TC validateUserName passed successfully]]>
            </line>
          </reporter-output>
        </test-method> <!-- validateUserName -->
        <test-method is-config="true" signature="logOutFromNeostox()[pri:0, instance:neoStoxTestClasses.ValidateNeoStoxUserName@5d0bf09b]" started-at="2022-12-15T09:52:25 IST" name="logOutFromNeostox" finished-at="2022-12-15T09:52:25 IST" duration-ms="170" status="PASS">
          <reporter-output>
          </reporter-output>
        </test-method> <!-- logOutFromNeostox -->
        <test-method is-config="true" signature="closeBrowser()[pri:0, instance:neoStoxTestClasses.ValidateNeoStoxUserName@5d0bf09b]" started-at="2022-12-15T09:52:25 IST" name="closeBrowser" finished-at="2022-12-15T09:52:26 IST" duration-ms="315" status="PASS">
          <reporter-output>
          </reporter-output>
        </test-method> <!-- closeBrowser -->
      </class> <!-- neoStoxTestClasses.ValidateNeoStoxUserName -->
    </test> <!-- Test1 -->
  </suite> <!-- Suite -->
</testng-results>
